<?xml version="1.0" encoding="UTF-8"?>
<!-- Generated by org.testng.reporters.JUnitXMLReporter -->
<testsuite ignored="3" hostname="FFE-Sanjay-PS-FFE177" failures="0" tests="3" name="Test" time="116.738" errors="0" timestamp="2024-09-18T23:33:41 IST">
  <testcase classname="com.crm.vtiger.CreateOrganization.CreateOrganizationTest" name="createOrganizationClone" time="25.568"/>
  <testcase classname="com.crm.vtiger.campaigns.CreateCampaignTest" name="CreateCampaignTestClone" time="21.034"/>
  <testcase classname="com.crm.vtiger.CreateContact.CreateContactTest" name="createContactClone" time="23.278"/>
  <testcase classname="com.crm.vtiger.CreateOrganization.CreateOrganizationTest" name="createOrganization" time="0.0">
    <ignored/>
  </testcase> <!-- createOrganization -->
  <testcase classname="com.crm.vtiger.campaigns.CreateCampaignTest" name="createCampaign" time="0.0">
    <ignored/>
  </testcase> <!-- createCampaign -->
  <testcase classname="com.crm.vtiger.CreateContact.CreateContactTest" name="createContact" time="0.0">
    <ignored/>
  </testcase> <!-- createContact -->
</testsuite> <!-- Test -->
