<?xml version="1.0" encoding="UTF-8"?>
<!-- Generated by org.testng.reporters.JUnitXMLReporter -->
<testsuite ignored="3" hostname="FFE-Sanjay-PS-FFE177" failures="0" tests="3" name="Test" time="0.188" errors="0" timestamp="2024-09-18T23:28:51 IST">
  <testcase classname="com.crm.vtiger.genriclibrary.BaseClass" name="@BeforeMethod loginToApp" time="0.05">
    <failure type="java.lang.NullPointerException" message="Cannot invoke &amp;quot;org.openqa.selenium.WebDriver.get(String)&amp;quot; because &amp;quot;this.driver&amp;quot; is null">
      <![CDATA[java.lang.NullPointerException: Cannot invoke "org.openqa.selenium.WebDriver.get(String)" because "this.driver" is null
at com.crm.vtiger.pomrepository.LoginPage.loginToApp(LoginPage.java:53)
at com.crm.vtiger.genriclibrary.BaseClass.loginToApp(BaseClass.java:39)
at java.base/java.util.ArrayList.forEach(ArrayList.java:1511)
... Removed 31 stack frames]]>
    </failure>
  </testcase> <!-- @BeforeMethod loginToApp -->
  <testcase classname="com.crm.vtiger.genriclibrary.BaseClass" name="@AfterMethod signout" time="0.0">
    <skipped/>
  </testcase> <!-- @AfterMethod signout -->
  <testcase classname="com.crm.vtiger.genriclibrary.BaseClass" name="@AfterClass closeBrowser" time="0.0">
    <skipped/>
  </testcase> <!-- @AfterClass closeBrowser -->
  <testcase classname="com.crm.vtiger.genriclibrary.BaseClass" name="@BeforeMethod loginToApp" time="0.002">
    <failure type="java.lang.NullPointerException" message="Cannot invoke &amp;quot;org.openqa.selenium.WebDriver.get(String)&amp;quot; because &amp;quot;this.driver&amp;quot; is null">
      <![CDATA[java.lang.NullPointerException: Cannot invoke "org.openqa.selenium.WebDriver.get(String)" because "this.driver" is null
at com.crm.vtiger.pomrepository.LoginPage.loginToApp(LoginPage.java:53)
at com.crm.vtiger.genriclibrary.BaseClass.loginToApp(BaseClass.java:39)
at java.base/java.util.ArrayList.forEach(ArrayList.java:1511)
... Removed 31 stack frames]]>
    </failure>
  </testcase> <!-- @BeforeMethod loginToApp -->
  <testcase classname="com.crm.vtiger.genriclibrary.BaseClass" name="@AfterMethod signout" time="0.0">
    <skipped/>
  </testcase> <!-- @AfterMethod signout -->
  <testcase classname="com.crm.vtiger.genriclibrary.BaseClass" name="@AfterClass closeBrowser" time="0.0">
    <skipped/>
  </testcase> <!-- @AfterClass closeBrowser -->
  <testcase classname="com.crm.vtiger.genriclibrary.BaseClass" name="@BeforeMethod loginToApp" time="0.004">
    <failure type="java.lang.NullPointerException" message="Cannot invoke &amp;quot;org.openqa.selenium.WebDriver.get(String)&amp;quot; because &amp;quot;this.driver&amp;quot; is null">
      <![CDATA[java.lang.NullPointerException: Cannot invoke "org.openqa.selenium.WebDriver.get(String)" because "this.driver" is null
at com.crm.vtiger.pomrepository.LoginPage.loginToApp(LoginPage.java:53)
at com.crm.vtiger.genriclibrary.BaseClass.loginToApp(BaseClass.java:39)
at java.base/java.util.ArrayList.forEach(ArrayList.java:1511)
... Removed 31 stack frames]]>
    </failure>
  </testcase> <!-- @BeforeMethod loginToApp -->
  <testcase classname="com.crm.vtiger.genriclibrary.BaseClass" name="@AfterMethod signout" time="0.0">
    <skipped/>
  </testcase> <!-- @AfterMethod signout -->
  <testcase classname="com.crm.vtiger.genriclibrary.BaseClass" name="@AfterClass closeBrowser" time="0.0">
    <skipped/>
  </testcase> <!-- @AfterClass closeBrowser -->
  <testcase classname="com.crm.vtiger.CreateOrganization.CreateOrganizationTest" name="createOrganization" time="0.0">
    <skipped/>
  </testcase> <!-- createOrganization -->
  <testcase classname="com.crm.vtiger.campaigns.CreateCampaignTest" name="createCampaign" time="0.0">
    <skipped/>
  </testcase> <!-- createCampaign -->
  <testcase classname="com.crm.vtiger.CreateContact.CreateContactTest" name="createContact" time="0.0">
    <skipped/>
  </testcase> <!-- createContact -->
  <testcase classname="com.crm.vtiger.CreateOrganization.CreateOrganizationTest" name="createOrganizationClone" time="0.0">
    <ignored/>
  </testcase> <!-- createOrganizationClone -->
  <testcase classname="com.crm.vtiger.CreateContact.CreateContactTest" name="createContactClone" time="0.0">
    <ignored/>
  </testcase> <!-- createContactClone -->
  <testcase classname="com.crm.vtiger.campaigns.CreateCampaignTest" name="CreateCampaignTestClone" time="0.0">
    <ignored/>
  </testcase> <!-- CreateCampaignTestClone -->
</testsuite> <!-- Test -->
